<?xml version="1.0" encoding="UTF-8"?>
<!-- Generated by org.testng.reporters.JUnitXMLReporter -->
<testsuite hostname="DESKTOP-RUC9O5J" failures="0" tests="1" name="ValidatePractice" time="5.541" errors="0" timestamp="6 Feb 2021 19:28:00 GMT">
  <testcase classname="Academy.E2EProject.ValidatePractice" name="@BeforeTest StartUp" time="0.0">
    <failure type="org.openqa.selenium.SessionNotCreatedException" message="session not created: This version of ChromeDriver only supports Chrome version 84
Build info: version: &amp;apos;4.0.0-alpha-6&amp;apos;, revision: &amp;apos;5f43a29cfc&amp;apos;
System info: host: &amp;apos;DESKTOP-RUC9O5J&amp;apos;, ip: &amp;apos;10.0.0.73&amp;apos;, os.name: &amp;apos;Windows 10&amp;apos;, os.arch: &amp;apos;amd64&amp;apos;, os.version: &amp;apos;10.0&amp;apos;, java.version: &amp;apos;14.0.2&amp;apos;
Driver info: driver.version: ChromeDriver
remote stacktrace: Backtrace:
	Ordinal0 [0x00EE87E3+2852835]
	Ordinal0 [0x00DD5BB1+1727409]
	Ordinal0 [0x00CAE4B9+517305]
	Ordinal0 [0x00C40BA0+68512]
	Ordinal0 [0x00C3D3A0+54176]
	Ordinal0 [0x00C5D9F7+186871]
	Ordinal0 [0x00C5D7FD+186365]
	Ordinal0 [0x00C5B70B+177931]
	Ordinal0 [0x00C42584+75140]
	Ordinal0 [0x00C43650+79440]
	Ordinal0 [0x00C435E9+79337]
	Ordinal0 [0x00DEAD5C+1813852]
	GetHandleVerifier [0x0100C616+1075574]
	GetHandleVerifier [0x0100C367+1074887]
	GetHandleVerifier [0x01017497+1120247]
	GetHandleVerifier [0x0100CC16+1077110]
	Ordinal0 [0x00DE3206+1782278]
	Ordinal0 [0x00DEC3BB+1819579]
	Ordinal0 [0x00DEC523+1819939]
	Ordinal0 [0x00E02B45+1911621]
	BaseThreadInitThunk [0x7685FA29+25]
	RtlGetAppContainerNamedObjectPath [0x77D675F4+228]
	RtlGetAppContainerNamedObjectPath [0x77D675C4+180]
">
      <![CDATA[org.openqa.selenium.SessionNotCreatedException: session not created: This version of ChromeDriver only supports Chrome version 84
Build info: version: '4.0.0-alpha-6', revision: '5f43a29cfc'
System info: host: 'DESKTOP-RUC9O5J', ip: '10.0.0.73', os.name: 'Windows 10', os.arch: 'amd64', os.version: '10.0', java.version: '14.0.2'
Driver info: driver.version: ChromeDriver
remote stacktrace: Backtrace:
	Ordinal0 [0x00EE87E3+2852835]
	Ordinal0 [0x00DD5BB1+1727409]
	Ordinal0 [0x00CAE4B9+517305]
	Ordinal0 [0x00C40BA0+68512]
	Ordinal0 [0x00C3D3A0+54176]
	Ordinal0 [0x00C5D9F7+186871]
	Ordinal0 [0x00C5D7FD+186365]
	Ordinal0 [0x00C5B70B+177931]
	Ordinal0 [0x00C42584+75140]
	Ordinal0 [0x00C43650+79440]
	Ordinal0 [0x00C435E9+79337]
	Ordinal0 [0x00DEAD5C+1813852]
	GetHandleVerifier [0x0100C616+1075574]
	GetHandleVerifier [0x0100C367+1074887]
	GetHandleVerifier [0x01017497+1120247]
	GetHandleVerifier [0x0100CC16+1077110]
	Ordinal0 [0x00DE3206+1782278]
	Ordinal0 [0x00DEC3BB+1819579]
	Ordinal0 [0x00DEC523+1819939]
	Ordinal0 [0x00E02B45+1911621]
	BaseThreadInitThunk [0x7685FA29+25]
	RtlGetAppContainerNamedObjectPath [0x77D675F4+228]
	RtlGetAppContainerNamedObjectPath [0x77D675C4+180]

	at org.openqa.selenium.remote.W3CHandshakeResponse.lambda$errorHandler$0(W3CHandshakeResponse.java:62)
	at org.openqa.selenium.remote.HandshakeResponse.lambda$getResponseFunction$0(HandshakeResponse.java:30)
	at org.openqa.selenium.remote.ProtocolHandshake.lambda$createSession$1(ProtocolHandshake.java:126)
	at java.base/java.util.stream.ReferencePipeline$3$1.accept(ReferencePipeline.java:195)
	at java.base/java.util.Spliterators$ArraySpliterator.tryAdvance(Spliterators.java:958)
	at java.base/java.util.stream.ReferencePipeline.forEachWithCancel(ReferencePipeline.java:127)
	at java.base/java.util.stream.AbstractPipeline.copyIntoWithCancel(AbstractPipeline.java:502)
	at java.base/java.util.stream.AbstractPipeline.copyInto(AbstractPipeline.java:488)
	at java.base/java.util.stream.AbstractPipeline.wrapAndCopyInto(AbstractPipeline.java:474)
	at java.base/java.util.stream.FindOps$FindOp.evaluateSequential(FindOps.java:150)
	at java.base/java.util.stream.AbstractPipeline.evaluate(AbstractPipeline.java:234)
	at java.base/java.util.stream.ReferencePipeline.findFirst(ReferencePipeline.java:543)
	at org.openqa.selenium.remote.ProtocolHandshake.createSession(ProtocolHandshake.java:128)
	at org.openqa.selenium.remote.ProtocolHandshake.createSession(ProtocolHandshake.java:75)
	at org.openqa.selenium.remote.HttpCommandExecutor.execute(HttpCommandExecutor.java:138)
	at org.openqa.selenium.remote.service.DriverCommandExecutor.execute(DriverCommandExecutor.java:83)
	at org.openqa.selenium.remote.RemoteWebDriver.execute(RemoteWebDriver.java:582)
	at org.openqa.selenium.remote.RemoteWebDriver.startSession(RemoteWebDriver.java:216)
	at org.openqa.selenium.remote.RemoteWebDriver.<init>(RemoteWebDriver.java:136)
	at org.openqa.selenium.chromium.ChromiumDriver.<init>(ChromiumDriver.java:75)
	at org.openqa.selenium.chrome.ChromeDriver.<init>(ChromeDriver.java:163)
	at org.openqa.selenium.chrome.ChromeDriver.<init>(ChromeDriver.java:150)
	at org.openqa.selenium.chrome.ChromeDriver.<init>(ChromeDriver.java:105)
	at Resources.base.initializeDriver(base.java:35)
	at Academy.E2EProject.ValidatePractice.StartUp(ValidatePractice.java:24)
	at java.base/java.util.concurrent.FutureTask.run(FutureTask.java:264)
	at java.base/java.util.concurrent.ThreadPoolExecutor.runWorker(ThreadPoolExecutor.java:1130)
	at java.base/java.util.concurrent.ThreadPoolExecutor$Worker.run(ThreadPoolExecutor.java:630)
	at java.base/java.lang.Thread.run(Thread.java:832)
... Removed 19 stack frames]]>
    </failure>
  </testcase> <!-- @BeforeTest StartUp -->
  <testcase classname="Academy.E2EProject.ValidatePractice" name="@AfterTest tearDown" time="0.0">
    <skipped/>
  </testcase> <!-- @AfterTest tearDown -->
  <testcase classname="Academy.E2EProject.ValidatePractice" name="validatePracticePage" time="0.002">
    <skipped/>
  </testcase> <!-- validatePracticePage -->
</testsuite> <!-- ValidatePractice -->
