<?xml version="1.0" encoding="UTF-8"?>
<!-- Generated by org.testng.reporters.JUnitReportReporter -->
<testsuite hostname="DESKTOP-RUC9O5J" failures="0" tests="1" name="Academy.E2EProject.ValidateTitle" time="0.002" errors="1" timestamp="6 Feb 2021 19:28:01 GMT">
  <testcase classname="Academy.E2EProject.ValidateTitle" name="basePageNavigation" time="0.002">
    <error message="session not created: This version of ChromeDriver only supports Chrome version 84
Build info: version: &#039;4.0.0-alpha-6&#039;, revision: &#039;5f43a29cfc&#039;
System info: host: &#039;DESKTOP-RUC9O5J&#039;, ip: &#039;10.0.0.73&#039;, os.name: &#039;Windows 10&#039;, os.arch: &#039;amd64&#039;, os.version: &#039;10.0&#039;, java.version: &#039;14.0.2&#039;
Driver info: driver.version: ChromeDriver
remote stacktrace: Backtrace:
	Ordinal0 [0x00EE87E3+2852835]
	Ordinal0 [0x00DD5BB1+1727409]
	Ordinal0 [0x00CAE4B9+517305]
	Ordinal0 [0x00C40BA0+68512]
	Ordinal0 [0x00C3D3A0+54176]
	Ordinal0 [0x00C5D9F7+186871]
	Ordinal0 [0x00C5D7FD+186365]
	Ordinal0 [0x00C5B70B+177931]
	Ordinal0 [0x00C42584+75140]
	Ordinal0 [0x00C43650+79440]
	Ordinal0 [0x00C435E9+79337]
	Ordinal0 [0x00DEAD5C+1813852]
	GetHandleVerifier [0x0100C616+1075574]
	GetHandleVerifier [0x0100C367+1074887]
	GetHandleVerifier [0x01017497+1120247]
	GetHandleVerifier [0x0100CC16+1077110]
	Ordinal0 [0x00DE3206+1782278]
	Ordinal0 [0x00DEC3BB+1819579]
	Ordinal0 [0x00DEC523+1819939]
	Ordinal0 [0x00E02B45+1911621]
	BaseThreadInitThunk [0x7685FA29+25]
	RtlGetAppContainerNamedObjectPath [0x77D675F4+228]
	RtlGetAppContainerNamedObjectPath [0x77D675C4+180]
" type="org.openqa.selenium.SessionNotCreatedException">
      <![CDATA[org.openqa.selenium.SessionNotCreatedException: session not created: This version of ChromeDriver only supports Chrome version 84
Build info: version: '4.0.0-alpha-6', revision: '5f43a29cfc'
System info: host: 'DESKTOP-RUC9O5J', ip: '10.0.0.73', os.name: 'Windows 10', os.arch: 'amd64', os.version: '10.0', java.version: '14.0.2'
Driver info: driver.version: ChromeDriver
remote stacktrace: Backtrace:
	Ordinal0 [0x00EE87E3+2852835]
	Ordinal0 [0x00DD5BB1+1727409]
	Ordinal0 [0x00CAE4B9+517305]
	Ordinal0 [0x00C40BA0+68512]
	Ordinal0 [0x00C3D3A0+54176]
	Ordinal0 [0x00C5D9F7+186871]
	Ordinal0 [0x00C5D7FD+186365]
	Ordinal0 [0x00C5B70B+177931]
	Ordinal0 [0x00C42584+75140]
	Ordinal0 [0x00C43650+79440]
	Ordinal0 [0x00C435E9+79337]
	Ordinal0 [0x00DEAD5C+1813852]
	GetHandleVerifier [0x0100C616+1075574]
	GetHandleVerifier [0x0100C367+1074887]
	GetHandleVerifier [0x01017497+1120247]
	GetHandleVerifier [0x0100CC16+1077110]
	Ordinal0 [0x00DE3206+1782278]
	Ordinal0 [0x00DEC3BB+1819579]
	Ordinal0 [0x00DEC523+1819939]
	Ordinal0 [0x00E02B45+1911621]
	BaseThreadInitThunk [0x7685FA29+25]
	RtlGetAppContainerNamedObjectPath [0x77D675F4+228]
	RtlGetAppContainerNamedObjectPath [0x77D675C4+180]

	at java.base/jdk.internal.reflect.NativeConstructorAccessorImpl.newInstance0(Native Method)
	at java.base/jdk.internal.reflect.NativeConstructorAccessorImpl.newInstance(NativeConstructorAccessorImpl.java:62)
	at java.base/jdk.internal.reflect.DelegatingConstructorAccessorImpl.newInstance(DelegatingConstructorAccessorImpl.java:45)
	at java.base/java.lang.reflect.Constructor.newInstanceWithCaller(Constructor.java:500)
	at java.base/java.lang.reflect.Constructor.newInstance(Constructor.java:481)
	at org.openqa.selenium.remote.W3CHandshakeResponse.lambda$errorHandler$0(W3CHandshakeResponse.java:62)
	at org.openqa.selenium.remote.HandshakeResponse.lambda$getResponseFunction$0(HandshakeResponse.java:30)
	at org.openqa.selenium.remote.ProtocolHandshake.lambda$createSession$1(ProtocolHandshake.java:126)
	at java.base/java.util.stream.ReferencePipeline$3$1.accept(ReferencePipeline.java:195)
	at java.base/java.util.Spliterators$ArraySpliterator.tryAdvance(Spliterators.java:958)
	at java.base/java.util.stream.ReferencePipeline.forEachWithCancel(ReferencePipeline.java:127)
	at java.base/java.util.stream.AbstractPipeline.copyIntoWithCancel(AbstractPipeline.java:502)
	at java.base/java.util.stream.AbstractPipeline.copyInto(AbstractPipeline.java:488)
	at java.base/java.util.stream.AbstractPipeline.wrapAndCopyInto(AbstractPipeline.java:474)
	at java.base/java.util.stream.FindOps$FindOp.evaluateSequential(FindOps.java:150)
	at java.base/java.util.stream.AbstractPipeline.evaluate(AbstractPipeline.java:234)
	at java.base/java.util.stream.ReferencePipeline.findFirst(ReferencePipeline.java:543)
	at org.openqa.selenium.remote.ProtocolHandshake.createSession(ProtocolHandshake.java:128)
	at org.openqa.selenium.remote.ProtocolHandshake.createSession(ProtocolHandshake.java:75)
	at org.openqa.selenium.remote.HttpCommandExecutor.execute(HttpCommandExecutor.java:138)
	at org.openqa.selenium.remote.service.DriverCommandExecutor.execute(DriverCommandExecutor.java:83)
	at org.openqa.selenium.remote.RemoteWebDriver.execute(RemoteWebDriver.java:582)
	at org.openqa.selenium.remote.RemoteWebDriver.startSession(RemoteWebDriver.java:216)
	at org.openqa.selenium.remote.RemoteWebDriver.<init>(RemoteWebDriver.java:136)
	at org.openqa.selenium.chromium.ChromiumDriver.<init>(ChromiumDriver.java:75)
	at org.openqa.selenium.chrome.ChromeDriver.<init>(ChromeDriver.java:163)
	at org.openqa.selenium.chrome.ChromeDriver.<init>(ChromeDriver.java:150)
	at org.openqa.selenium.chrome.ChromeDriver.<init>(ChromeDriver.java:105)
	at Resources.base.initializeDriver(base.java:35)
	at Academy.E2EProject.ValidateContactForm.StartUp(ValidateContactForm.java:27)
	at java.base/jdk.internal.reflect.NativeMethodAccessorImpl.invoke0(Native Method)
	at java.base/jdk.internal.reflect.NativeMethodAccessorImpl.invoke(NativeMethodAccessorImpl.java:62)
	at java.base/jdk.internal.reflect.DelegatingMethodAccessorImpl.invoke(DelegatingMethodAccessorImpl.java:43)
	at java.base/java.lang.reflect.Method.invoke(Method.java:564)
	at org.testng.internal.MethodInvocationHelper.invokeMethod(MethodInvocationHelper.java:85)
	at org.testng.internal.Invoker.invokeConfigurationMethod(Invoker.java:510)
	at org.testng.internal.Invoker.invokeConfigurations(Invoker.java:211)
	at org.testng.internal.Invoker.invokeConfigurations(Invoker.java:138)
	at org.testng.TestRunner.beforeRun(TestRunner.java:648)
	at org.testng.TestRunner.run(TestRunner.java:616)
	at org.testng.SuiteRunner.runTest(SuiteRunner.java:359)
	at org.testng.SuiteRunner.access$000(SuiteRunner.java:39)
	at org.testng.SuiteRunner$SuiteWorker.run(SuiteRunner.java:393)
	at org.testng.internal.thread.ThreadUtil$2.call(ThreadUtil.java:64)
	at java.base/java.util.concurrent.FutureTask.run(FutureTask.java:264)
	at java.base/java.util.concurrent.ThreadPoolExecutor.runWorker(ThreadPoolExecutor.java:1130)
	at java.base/java.util.concurrent.ThreadPoolExecutor$Worker.run(ThreadPoolExecutor.java:630)
	at java.base/java.lang.Thread.run(Thread.java:832)
]]>
    </error>
  </testcase> <!-- basePageNavigation -->
</testsuite> <!-- Academy.E2EProject.ValidateTitle -->
